c:\users\my laptop\downloads\train#2-20200731t104725z-001\train#2\trainingframework\debug\trainingframework.pch
c:\users\my laptop\downloads\train#2-20200731t104725z-001\train#2\trainingframework\debug\vc141.pdb
c:\users\my laptop\downloads\train#2-20200731t104725z-001\train#2\trainingframework\debug\vc141.idb
c:\users\my laptop\downloads\train#2-20200731t104725z-001\train#2\trainingframework\debug\stdafx.obj
c:\users\my laptop\downloads\train#2-20200731t104725z-001\train#2\trainingframework\debug\camera.obj
c:\users\my laptop\downloads\train#2-20200731t104725z-001\train#2\trainingframework\debug\model.obj
c:\users\my laptop\downloads\train#2-20200731t104725z-001\train#2\trainingframework\debug\object.obj
c:\users\my laptop\downloads\train#2-20200731t104725z-001\train#2\trainingframework\debug\resourcemanager.obj
c:\users\my laptop\downloads\train#2-20200731t104725z-001\train#2\trainingframework\debug\scenemanager.obj
c:\users\my laptop\downloads\train#2-20200731t104725z-001\train#2\trainingframework\debug\texture.obj
c:\users\my laptop\downloads\train#2-20200731t104725z-001\train#2\trainingframework\debug\trainingframework.obj
c:\users\my laptop\downloads\train#2-20200731t104725z-001\train#2\trainingframework\debug\shaders.obj
c:\users\my laptop\downloads\train#2-20200731t104725z-001\train#2\bin\trainingframework.ilk
c:\users\my laptop\downloads\train#2-20200731t104725z-001\train#2\bin\trainingframework.exe
c:\users\my laptop\downloads\train#2-20200731t104725z-001\train#2\bin\trainingframework.pdb
c:\users\my laptop\downloads\train#2-20200731t104725z-001\train#2\\bin\trainingframework.pdb
c:\users\my laptop\downloads\train#2-20200731t104725z-001\train#2\\bin\trainingframework.exe
c:\users\my laptop\downloads\train#2-20200731t104725z-001\train#2\\bin\trainingframework.ilk
c:\users\my laptop\downloads\train#2-20200731t104725z-001\train#2\trainingframework\debug\training.fc024ec8.tlog\cl.command.1.tlog
c:\users\my laptop\downloads\train#2-20200731t104725z-001\train#2\trainingframework\debug\training.fc024ec8.tlog\cl.read.1.tlog
c:\users\my laptop\downloads\train#2-20200731t104725z-001\train#2\trainingframework\debug\training.fc024ec8.tlog\cl.write.1.tlog
c:\users\my laptop\downloads\train#2-20200731t104725z-001\train#2\trainingframework\debug\training.fc024ec8.tlog\link.command.1.tlog
c:\users\my laptop\downloads\train#2-20200731t104725z-001\train#2\trainingframework\debug\training.fc024ec8.tlog\link.read.1.tlog
c:\users\my laptop\downloads\train#2-20200731t104725z-001\train#2\trainingframework\debug\training.fc024ec8.tlog\link.write.1.tlog
